Build started 1/25/2016 4:00:23 PM.
     1>Project "C:\Users\Celebrom\Documents\Projet4\git\LOG4900GoogleJo\LOG4900_Google\base\base.vcxproj" on node 2 (Build target(s)).
     1>ClCompile:
         C:\Program Files (x86)\Microsoft Visual Studio 12.0\VC\bin\CL.exe /c /I../ /ZI /nologo /W4 /WX- /sdl /MP /Od /Oy- /D WIN32 /D _DEBUG /D _LIB /D _UNICODE /D UNICODE /Gm- /EHsc /RTC1 /MTd /GS /fp:precise /Zc:wchar_t /Zc:forScope /Fo"Debug\\" /Fd"Debug\vc120.pdb" /Gd /TP /analyze- /errorReport:prompt child_process.cc command_line.cc error_string.cc file.cc logging.cc numeric_conversions.cc string_utils.cc
         child_process.cc
         command_line.cc
         error_string.cc
         file.cc
         logging.cc
         numeric_conversions.cc
         string_utils.cc
       Lib:
         C:\Program Files (x86)\Microsoft Visual Studio 12.0\VC\bin\Lib.exe /OUT:"C:\Users\Celebrom\Documents\Projet4\git\LOG4900GoogleJo\LOG4900_Google\Debug\base.lib" /NOLOGO Debug\child_process.obj
         Debug\command_line.obj
         Debug\error_string.obj
         Debug\file.obj
         Debug\logging.obj
         Debug\numeric_conversions.obj
         Debug\string_utils.obj
         base.vcxproj -> C:\Users\Celebrom\Documents\Projet4\git\LOG4900GoogleJo\LOG4900_Google\Debug\base.lib
     1>Done Building Project "C:\Users\Celebrom\Documents\Projet4\git\LOG4900GoogleJo\LOG4900_Google\base\base.vcxproj" (Build target(s)).

Build succeeded.

Time Elapsed 00:00:02.14
